Replace Part D1 Diode-100V-3A in C:\Users\Alexis Rakush\OneDrive - Simon Fraser University (1sfu)\Desktop\Team Phantom\shutDownCircuit\Shutdown-Circuit\HV SDB\hvSdbSchematic.SchDoc with Diode-100V-3A from hvSdbSchLib.SchLib
Replace Part D2 Diode-100V-3A in C:\Users\Alexis Rakush\OneDrive - Simon Fraser University (1sfu)\Desktop\Team Phantom\shutDownCircuit\Shutdown-Circuit\HV SDB\hvSdbSchematic.SchDoc with Diode-100V-3A from hvSdbSchLib.SchLib
Replace Part D3 Diode-100V-3A in C:\Users\Alexis Rakush\OneDrive - Simon Fraser University (1sfu)\Desktop\Team Phantom\shutDownCircuit\Shutdown-Circuit\HV SDB\hvSdbSchematic.SchDoc with Diode-100V-3A from hvSdbSchLib.SchLib
Replace Part D4 LED-Red in C:\Users\Alexis Rakush\OneDrive - Simon Fraser University (1sfu)\Desktop\Team Phantom\shutDownCircuit\Shutdown-Circuit\HV SDB\hvSdbSchematic.SchDoc with LED-Red from hvSdbSchLib.SchLib
Replace Part D5 LED-Red in C:\Users\Alexis Rakush\OneDrive - Simon Fraser University (1sfu)\Desktop\Team Phantom\shutDownCircuit\Shutdown-Circuit\HV SDB\hvSdbSchematic.SchDoc with LED-Red from hvSdbSchLib.SchLib
Replace Part D6 LED-Red in C:\Users\Alexis Rakush\OneDrive - Simon Fraser University (1sfu)\Desktop\Team Phantom\shutDownCircuit\Shutdown-Circuit\HV SDB\hvSdbSchematic.SchDoc with LED-Red from hvSdbSchLib.SchLib
Replace Part J1 6PIN in C:\Users\Alexis Rakush\OneDrive - Simon Fraser University (1sfu)\Desktop\Team Phantom\shutDownCircuit\Shutdown-Circuit\HV SDB\hvSdbSchematic.SchDoc with 6PIN from hvSdbSchLib.SchLib
Replace Part J? 6PIN in C:\Users\Alexis Rakush\OneDrive - Simon Fraser University (1sfu)\Desktop\Team Phantom\shutDownCircuit\Shutdown-Circuit\HV SDB\hvSdbSchematic.SchDoc with 6PIN from hvSdbSchLib.SchLib
Replace Part J? 3PIN in C:\Users\Alexis Rakush\OneDrive - Simon Fraser University (1sfu)\Desktop\Team Phantom\shutDownCircuit\Shutdown-Circuit\HV SDB\hvSdbSchematic.SchDoc with 3PIN from hvSdbSchLib.SchLib
Replace Part K1 5-1419124-6 in C:\Users\Alexis Rakush\OneDrive - Simon Fraser University (1sfu)\Desktop\Team Phantom\shutDownCircuit\Shutdown-Circuit\HV SDB\hvSdbSchematic.SchDoc with 5-1419124-6 from hvSdbSchLib.SchLib
Replace Part K2 5-1419124-6 in C:\Users\Alexis Rakush\OneDrive - Simon Fraser University (1sfu)\Desktop\Team Phantom\shutDownCircuit\Shutdown-Circuit\HV SDB\hvSdbSchematic.SchDoc with 5-1419124-6 from hvSdbSchLib.SchLib
Replace Part K3 5-1419124-6 in C:\Users\Alexis Rakush\OneDrive - Simon Fraser University (1sfu)\Desktop\Team Phantom\shutDownCircuit\Shutdown-Circuit\HV SDB\hvSdbSchematic.SchDoc with 5-1419124-6 from hvSdbSchLib.SchLib
Replace Part Q1 N-FET-60V-1.6A in C:\Users\Alexis Rakush\OneDrive - Simon Fraser University (1sfu)\Desktop\Team Phantom\shutDownCircuit\Shutdown-Circuit\HV SDB\hvSdbSchematic.SchDoc with N-FET-60V-1.6A from hvSdbSchLib.SchLib
Replace Part Q2 N-FET-60V-1.6A in C:\Users\Alexis Rakush\OneDrive - Simon Fraser University (1sfu)\Desktop\Team Phantom\shutDownCircuit\Shutdown-Circuit\HV SDB\hvSdbSchematic.SchDoc with N-FET-60V-1.6A from hvSdbSchLib.SchLib
Replace Part Q3 N-FET-60V-1.6A in C:\Users\Alexis Rakush\OneDrive - Simon Fraser University (1sfu)\Desktop\Team Phantom\shutDownCircuit\Shutdown-Circuit\HV SDB\hvSdbSchematic.SchDoc with N-FET-60V-1.6A from hvSdbSchLib.SchLib
Replace Part Q4 DMN63D1LDW in C:\Users\Alexis Rakush\OneDrive - Simon Fraser University (1sfu)\Desktop\Team Phantom\shutDownCircuit\Shutdown-Circuit\HV SDB\hvSdbSchematic.SchDoc with DMN63D1LDW from hvSdbSchLib.SchLib
Replace Part Q4 DMN63D1LDW in C:\Users\Alexis Rakush\OneDrive - Simon Fraser University (1sfu)\Desktop\Team Phantom\shutDownCircuit\Shutdown-Circuit\HV SDB\hvSdbSchematic.SchDoc with DMN63D1LDW from hvSdbSchLib.SchLib
Replace Part Q5 DMN63D1LDW in C:\Users\Alexis Rakush\OneDrive - Simon Fraser University (1sfu)\Desktop\Team Phantom\shutDownCircuit\Shutdown-Circuit\HV SDB\hvSdbSchematic.SchDoc with DMN63D1LDW from hvSdbSchLib.SchLib
Replace Part Q5 DMN63D1LDW in C:\Users\Alexis Rakush\OneDrive - Simon Fraser University (1sfu)\Desktop\Team Phantom\shutDownCircuit\Shutdown-Circuit\HV SDB\hvSdbSchematic.SchDoc with DMN63D1LDW from hvSdbSchLib.SchLib
Replace Part Q6 DMN63D1LDW in C:\Users\Alexis Rakush\OneDrive - Simon Fraser University (1sfu)\Desktop\Team Phantom\shutDownCircuit\Shutdown-Circuit\HV SDB\hvSdbSchematic.SchDoc with DMN63D1LDW from hvSdbSchLib.SchLib
Replace Part Q6 DMN63D1LDW in C:\Users\Alexis Rakush\OneDrive - Simon Fraser University (1sfu)\Desktop\Team Phantom\shutDownCircuit\Shutdown-Circuit\HV SDB\hvSdbSchematic.SchDoc with DMN63D1LDW from hvSdbSchLib.SchLib
Replace Part R1 0603-240R in C:\Users\Alexis Rakush\OneDrive - Simon Fraser University (1sfu)\Desktop\Team Phantom\shutDownCircuit\Shutdown-Circuit\HV SDB\hvSdbSchematic.SchDoc with 0603-240R from hvSdbSchLib.SchLib
Replace Part R2 0603-240R in C:\Users\Alexis Rakush\OneDrive - Simon Fraser University (1sfu)\Desktop\Team Phantom\shutDownCircuit\Shutdown-Circuit\HV SDB\hvSdbSchematic.SchDoc with 0603-240R from hvSdbSchLib.SchLib
Replace Part R3 0603-240R in C:\Users\Alexis Rakush\OneDrive - Simon Fraser University (1sfu)\Desktop\Team Phantom\shutDownCircuit\Shutdown-Circuit\HV SDB\hvSdbSchematic.SchDoc with 0603-240R from hvSdbSchLib.SchLib
Replace Part R4 0603-1KR in C:\Users\Alexis Rakush\OneDrive - Simon Fraser University (1sfu)\Desktop\Team Phantom\shutDownCircuit\Shutdown-Circuit\HV SDB\hvSdbSchematic.SchDoc with 0603-1KR from hvSdbSchLib.SchLib
Replace Part R5 0603-1KR in C:\Users\Alexis Rakush\OneDrive - Simon Fraser University (1sfu)\Desktop\Team Phantom\shutDownCircuit\Shutdown-Circuit\HV SDB\hvSdbSchematic.SchDoc with 0603-1KR from hvSdbSchLib.SchLib
Replace Part R6 0603-10KR in C:\Users\Alexis Rakush\OneDrive - Simon Fraser University (1sfu)\Desktop\Team Phantom\shutDownCircuit\Shutdown-Circuit\HV SDB\hvSdbSchematic.SchDoc with 0603-10KR from hvSdbSchLib.SchLib
Replace Part R7 0603-10KR in C:\Users\Alexis Rakush\OneDrive - Simon Fraser University (1sfu)\Desktop\Team Phantom\shutDownCircuit\Shutdown-Circuit\HV SDB\hvSdbSchematic.SchDoc with 0603-10KR from hvSdbSchLib.SchLib
