Replace Part D1 Diode-100V-3A in C:\Users\Alexis Rakush\OneDrive - Simon Fraser University (1sfu)\Desktop\Team Phantom\shutDownCircuit\Shutdown-Circuit\HV SDB\hvSdbSchematic.SchDoc with Diode-100V-3A from hvSdbSchLib.SchLib
Replace Part D2 Diode-100V-3A in C:\Users\Alexis Rakush\OneDrive - Simon Fraser University (1sfu)\Desktop\Team Phantom\shutDownCircuit\Shutdown-Circuit\HV SDB\hvSdbSchematic.SchDoc with Diode-100V-3A from hvSdbSchLib.SchLib
Replace Part D3 Diode-100V-3A in C:\Users\Alexis Rakush\OneDrive - Simon Fraser University (1sfu)\Desktop\Team Phantom\shutDownCircuit\Shutdown-Circuit\HV SDB\hvSdbSchematic.SchDoc with Diode-100V-3A from hvSdbSchLib.SchLib
Replace Part D4 LED-Red in C:\Users\Alexis Rakush\OneDrive - Simon Fraser University (1sfu)\Desktop\Team Phantom\shutDownCircuit\Shutdown-Circuit\HV SDB\hvSdbSchematic.SchDoc with LED-Red from hvSdbSchLib.SchLib
Replace Part D5 LED-Red in C:\Users\Alexis Rakush\OneDrive - Simon Fraser University (1sfu)\Desktop\Team Phantom\shutDownCircuit\Shutdown-Circuit\HV SDB\hvSdbSchematic.SchDoc with LED-Red from hvSdbSchLib.SchLib
Replace Part D6 LED-Red in C:\Users\Alexis Rakush\OneDrive - Simon Fraser University (1sfu)\Desktop\Team Phantom\shutDownCircuit\Shutdown-Circuit\HV SDB\hvSdbSchematic.SchDoc with LED-Red from hvSdbSchLib.SchLib
Replace Part D7 LED-Green in C:\Users\Alexis Rakush\OneDrive - Simon Fraser University (1sfu)\Desktop\Team Phantom\shutDownCircuit\Shutdown-Circuit\HV SDB\hvSdbSchematic.SchDoc with LED-Green from hvSdbSchLib.SchLib
Replace Part D8 LED-Green in C:\Users\Alexis Rakush\OneDrive - Simon Fraser University (1sfu)\Desktop\Team Phantom\shutDownCircuit\Shutdown-Circuit\HV SDB\hvSdbSchematic.SchDoc with LED-Green from hvSdbSchLib.SchLib
Replace Part J1 9PIN in C:\Users\Alexis Rakush\OneDrive - Simon Fraser University (1sfu)\Desktop\Team Phantom\shutDownCircuit\Shutdown-Circuit\HV SDB\hvSdbSchematic.SchDoc with 9PIN from hvSdbSchLib.SchLib
Replace Part J2 5PIN in C:\Users\Alexis Rakush\OneDrive - Simon Fraser University (1sfu)\Desktop\Team Phantom\shutDownCircuit\Shutdown-Circuit\HV SDB\hvSdbSchematic.SchDoc with 5PIN from hvSdbSchLib.SchLib
Replace Part JP1 2PIN-TEST in C:\Users\Alexis Rakush\OneDrive - Simon Fraser University (1sfu)\Desktop\Team Phantom\shutDownCircuit\Shutdown-Circuit\HV SDB\hvSdbSchematic.SchDoc with 2PIN-TEST from hvSdbSchLib.SchLib
Replace Part JP2 2PIN-TEST in C:\Users\Alexis Rakush\OneDrive - Simon Fraser University (1sfu)\Desktop\Team Phantom\shutDownCircuit\Shutdown-Circuit\HV SDB\hvSdbSchematic.SchDoc with 2PIN-TEST from hvSdbSchLib.SchLib
Replace Part K1 5-1419124-6 in C:\Users\Alexis Rakush\OneDrive - Simon Fraser University (1sfu)\Desktop\Team Phantom\shutDownCircuit\Shutdown-Circuit\HV SDB\hvSdbSchematic.SchDoc with 5-1419124-6 from hvSdbSchLib.SchLib
Replace Part K2 5-1419124-6 in C:\Users\Alexis Rakush\OneDrive - Simon Fraser University (1sfu)\Desktop\Team Phantom\shutDownCircuit\Shutdown-Circuit\HV SDB\hvSdbSchematic.SchDoc with 5-1419124-6 from hvSdbSchLib.SchLib
Replace Part K3 5-1419124-6 in C:\Users\Alexis Rakush\OneDrive - Simon Fraser University (1sfu)\Desktop\Team Phantom\shutDownCircuit\Shutdown-Circuit\HV SDB\hvSdbSchematic.SchDoc with 5-1419124-6 from hvSdbSchLib.SchLib
Replace Part Q1 N-FET-60V-1.6A in C:\Users\Alexis Rakush\OneDrive - Simon Fraser University (1sfu)\Desktop\Team Phantom\shutDownCircuit\Shutdown-Circuit\HV SDB\hvSdbSchematic.SchDoc with N-FET-60V-1.6A from hvSdbSchLib.SchLib
Replace Part Q2 N-FET-60V-1.6A in C:\Users\Alexis Rakush\OneDrive - Simon Fraser University (1sfu)\Desktop\Team Phantom\shutDownCircuit\Shutdown-Circuit\HV SDB\hvSdbSchematic.SchDoc with N-FET-60V-1.6A from hvSdbSchLib.SchLib
Replace Part Q3 N-FET-60V-1.6A in C:\Users\Alexis Rakush\OneDrive - Simon Fraser University (1sfu)\Desktop\Team Phantom\shutDownCircuit\Shutdown-Circuit\HV SDB\hvSdbSchematic.SchDoc with N-FET-60V-1.6A from hvSdbSchLib.SchLib
Replace Part Q4 N-FET-60V-1.6A in C:\Users\Alexis Rakush\OneDrive - Simon Fraser University (1sfu)\Desktop\Team Phantom\shutDownCircuit\Shutdown-Circuit\HV SDB\hvSdbSchematic.SchDoc with N-FET-60V-1.6A from hvSdbSchLib.SchLib
Replace Part Q5 N-FET-60V-1.6A in C:\Users\Alexis Rakush\OneDrive - Simon Fraser University (1sfu)\Desktop\Team Phantom\shutDownCircuit\Shutdown-Circuit\HV SDB\hvSdbSchematic.SchDoc with N-FET-60V-1.6A from hvSdbSchLib.SchLib
Replace Part Q6 N-FET-60V-1.6A in C:\Users\Alexis Rakush\OneDrive - Simon Fraser University (1sfu)\Desktop\Team Phantom\shutDownCircuit\Shutdown-Circuit\HV SDB\hvSdbSchematic.SchDoc with N-FET-60V-1.6A from hvSdbSchLib.SchLib
Replace Part Q7 N-FET-60V-1.6A in C:\Users\Alexis Rakush\OneDrive - Simon Fraser University (1sfu)\Desktop\Team Phantom\shutDownCircuit\Shutdown-Circuit\HV SDB\hvSdbSchematic.SchDoc with N-FET-60V-1.6A from hvSdbSchLib.SchLib
Replace Part Q8 N-FET-60V-1.6A in C:\Users\Alexis Rakush\OneDrive - Simon Fraser University (1sfu)\Desktop\Team Phantom\shutDownCircuit\Shutdown-Circuit\HV SDB\hvSdbSchematic.SchDoc with N-FET-60V-1.6A from hvSdbSchLib.SchLib
Replace Part Q9 N-FET-60V-1.6A in C:\Users\Alexis Rakush\OneDrive - Simon Fraser University (1sfu)\Desktop\Team Phantom\shutDownCircuit\Shutdown-Circuit\HV SDB\hvSdbSchematic.SchDoc with N-FET-60V-1.6A from hvSdbSchLib.SchLib
Replace Part R1 0603-240R in C:\Users\Alexis Rakush\OneDrive - Simon Fraser University (1sfu)\Desktop\Team Phantom\shutDownCircuit\Shutdown-Circuit\HV SDB\hvSdbSchematic.SchDoc with 0603-240R from hvSdbSchLib.SchLib
Replace Part R2 0603-240R in C:\Users\Alexis Rakush\OneDrive - Simon Fraser University (1sfu)\Desktop\Team Phantom\shutDownCircuit\Shutdown-Circuit\HV SDB\hvSdbSchematic.SchDoc with 0603-240R from hvSdbSchLib.SchLib
Replace Part R3 0603-240R in C:\Users\Alexis Rakush\OneDrive - Simon Fraser University (1sfu)\Desktop\Team Phantom\shutDownCircuit\Shutdown-Circuit\HV SDB\hvSdbSchematic.SchDoc with 0603-240R from hvSdbSchLib.SchLib
Replace Part R4 0603-1KR in C:\Users\Alexis Rakush\OneDrive - Simon Fraser University (1sfu)\Desktop\Team Phantom\shutDownCircuit\Shutdown-Circuit\HV SDB\hvSdbSchematic.SchDoc with 0603-1KR from hvSdbSchLib.SchLib
Replace Part R5 0603-1KR in C:\Users\Alexis Rakush\OneDrive - Simon Fraser University (1sfu)\Desktop\Team Phantom\shutDownCircuit\Shutdown-Circuit\HV SDB\hvSdbSchematic.SchDoc with 0603-1KR from hvSdbSchLib.SchLib
Replace Part R6 0603-10KR in C:\Users\Alexis Rakush\OneDrive - Simon Fraser University (1sfu)\Desktop\Team Phantom\shutDownCircuit\Shutdown-Circuit\HV SDB\hvSdbSchematic.SchDoc with 0603-10KR from hvSdbSchLib.SchLib
Replace Part R7 0603-1KR in C:\Users\Alexis Rakush\OneDrive - Simon Fraser University (1sfu)\Desktop\Team Phantom\shutDownCircuit\Shutdown-Circuit\HV SDB\hvSdbSchematic.SchDoc with 0603-1KR from hvSdbSchLib.SchLib
Replace Part R8 0603-665R in C:\Users\Alexis Rakush\OneDrive - Simon Fraser University (1sfu)\Desktop\Team Phantom\shutDownCircuit\Shutdown-Circuit\HV SDB\hvSdbSchematic.SchDoc with 0603-665R from hvSdbSchLib.SchLib
Replace Part R9 0603-180R in C:\Users\Alexis Rakush\OneDrive - Simon Fraser University (1sfu)\Desktop\Team Phantom\shutDownCircuit\Shutdown-Circuit\HV SDB\hvSdbSchematic.SchDoc with 0603-180R from hvSdbSchLib.SchLib
Replace Part R10 0603-1KR in C:\Users\Alexis Rakush\OneDrive - Simon Fraser University (1sfu)\Desktop\Team Phantom\shutDownCircuit\Shutdown-Circuit\HV SDB\hvSdbSchematic.SchDoc with 0603-1KR from hvSdbSchLib.SchLib
