Removed Pin From Net: NetName=C_L Pin=D2-2
Removed Pin From Net: NetName=C_L Pin=D3-2
Removed Pin From Net: NetName=AIR+ Pin=J1-1
Removed Pin From Net: NetName=AIR+ Pin=J3-1
Removed Pin From Net: NetName=AIR+ Pin=J3-6
Removed Pin From Net: NetName=NO_L Pin=K1-3
Removed Pin From Net: NetName=AIR+ Pin=K1-4
Removed Pin From Net: NetName=AIR+ Pin=K1-5
Removed Pin From Net: NetName=C_L Pin=K2-1
Removed Pin From Net: NetName=C_L Pin=K2-2
Removed Pin From Net: NetName=AIR+ Pin=K2-4
Removed Pin From Net: NetName=AIR+ Pin=K2-5
Removed Pin From Net: NetName=C_L Pin=K3-1
Removed Pin From Net: NetName=C_L Pin=K3-2
Removed Pin From Net: NetName=NO_L Pin=K3-3
Removed Pin From Net: NetName=AIR+ Pin=K3-5
Removed Pin From Net: NetName=C_L Pin=Q2-1
Removed Pin From Net: NetName=C_L Pin=Q3-1
Removed Pin From Net: NetName=NO_L Pin=Q4-3
Removed Pin From Net: NetName=C_L Pin=Q5-2
Removed Pin From Net: NetName=C_L Pin=Q6-2
Removed Pin From Net: NetName=NO_L Pin=Q6-3
Removed Pin From Net: NetName=NO_L Pin=Q7-2
Removed Pin From Net: NetName=NO_L Pin=Q8-2
Change Net Name : Old Net Name=C_L New Net Name=NetD1_2
Change Net Name : Old Net Name=COIL_R New Net Name=12V
Change Net Name : Old Net Name=NO_L New Net Name=NetK2_3
Added Pin To Net: NetName=NetD2_2 Pin=D2-2
Added Pin To Net: NetName=NetD2_2 Pin=K2-1
Added Pin To Net: NetName=NetD2_2 Pin=K2-2
Added Pin To Net: NetName=NetD2_2 Pin=Q2-1
Added Pin To Net: NetName=NetD2_2 Pin=Q5-2
Added Net: Name=NetD2_2
Added Pin To Net: NetName=NetD3_2 Pin=D3-2
Added Pin To Net: NetName=NetD3_2 Pin=K3-1
Added Pin To Net: NetName=NetD3_2 Pin=K3-2
Added Pin To Net: NetName=NetD3_2 Pin=Q3-1
Added Pin To Net: NetName=NetD3_2 Pin=Q6-2
Added Net: Name=NetD3_2
Added Pin To Net: NetName=NetK1_3 Pin=K1-3
Added Pin To Net: NetName=NetK1_3 Pin=Q4-3
Added Pin To Net: NetName=NetK1_3 Pin=Q8-2
Added Net: Name=NetK1_3
Added Pin To Net: NetName=NetK1_4 Pin=K1-4
Added Pin To Net: NetName=NetK1_4 Pin=K2-5
Added Net: Name=NetK1_4
Added Pin To Net: NetName=NetK3_3 Pin=K3-3
Added Pin To Net: NetName=NetK3_3 Pin=Q6-3
Added Pin To Net: NetName=NetK3_3 Pin=Q7-2
Added Net: Name=NetK3_3
Added Pin To Net: NetName=SDB_IN Pin=J1-1
Added Pin To Net: NetName=SDB_IN Pin=K1-5
Added Net: Name=SDB_IN
Added Pin To Net: NetName=SDB_OUT Pin=J3-6
Added Pin To Net: NetName=SDB_OUT Pin=K2-4
Added Net: Name=SDB_OUT
Added Pin To Net: NetName=SDB_RETURN Pin=J3-1
Added Pin To Net: NetName=SDB_RETURN Pin=K3-5
Added Net: Name=SDB_RETURN
