Removed Pin From Net: NetName=A1 Pin=D1-2
Removed Pin From Net: NetName=A1 Pin=D3-2
Removed Pin From Net: NetName=A1 Pin=K1-1
Removed Pin From Net: NetName=A1 Pin=K1-2
Removed Pin From Net: NetName=C_R Pin=K1-3
Removed Pin From Net: NetName=A1 Pin=K3-1
Removed Pin From Net: NetName=A1 Pin=K3-2
Removed Pin From Net: NetName=C_R Pin=K3-3
Removed Pin From Net: NetName=A1 Pin=Q1-1
Removed Pin From Net: NetName=A1 Pin=Q3-1
Removed Pin From Net: NetName=A1 Pin=Q4-2
Removed Pin From Net: NetName=C_R Pin=Q4-3
Removed Pin From Net: NetName=A1 Pin=Q6-2
Removed Pin From Net: NetName=C_R Pin=Q6-3
Removed Pin From Net: NetName=C_R Pin=Q7-2
Removed Pin From Net: NetName=C_R Pin=Q10-2
Change Net Name : Old Net Name=A1 New Net Name=NetD2_2
Change Net Name : Old Net Name=A2 New Net Name=12V
Change Net Name : Old Net Name=C_R New Net Name=NetK2_3
Added Pin To Net: NetName=NetD1_2 Pin=D1-2
Added Pin To Net: NetName=NetD1_2 Pin=K1-1
Added Pin To Net: NetName=NetD1_2 Pin=K1-2
Added Pin To Net: NetName=NetD1_2 Pin=Q1-1
Added Pin To Net: NetName=NetD1_2 Pin=Q4-2
Added Net: Name=NetD1_2
Added Pin To Net: NetName=NetD3_2 Pin=D3-2
Added Pin To Net: NetName=NetD3_2 Pin=K3-1
Added Pin To Net: NetName=NetD3_2 Pin=K3-2
Added Pin To Net: NetName=NetD3_2 Pin=Q3-1
Added Pin To Net: NetName=NetD3_2 Pin=Q6-2
Added Net: Name=NetD3_2
Added Pin To Net: NetName=NetK1_3 Pin=K1-3
Added Pin To Net: NetName=NetK1_3 Pin=Q4-3
Added Pin To Net: NetName=NetK1_3 Pin=Q7-2
Added Net: Name=NetK1_3
Added Pin To Net: NetName=NetK1_4 Pin=K1-4
Added Pin To Net: NetName=NetK1_4 Pin=K2-5
Added Net: Name=NetK1_4
Added Pin To Net: NetName=NetK2_4 Pin=K2-4
Added Pin To Net: NetName=NetK2_4 Pin=K3-5
Added Net: Name=NetK2_4
Added Pin To Net: NetName=NetK3_3 Pin=K3-3
Added Pin To Net: NetName=NetK3_3 Pin=Q6-3
Added Pin To Net: NetName=NetK3_3 Pin=Q10-2
Added Net: Name=NetK3_3
Added Pin To Net: NetName=SDB_IN Pin=K1-5
Added Net: Name=SDB_IN
Added Pin To Net: NetName=SDB_OUT Pin=K3-4
Added Net: Name=SDB_OUT
