Replace Part C1 CL10B104KB8NNNL in C:\Users\Alexis Rakush\OneDrive - Simon Fraser University (1sfu)\Desktop\Team Phantom\shutDownCircuit\Shutdown-Circuit\LV SDB\BSPD-rev2.SchDoc with CL10B104KB8NNNL from BSPD.SchLib
Replace Part C2 CL10B104KB8NNNL in C:\Users\Alexis Rakush\OneDrive - Simon Fraser University (1sfu)\Desktop\Team Phantom\shutDownCircuit\Shutdown-Circuit\LV SDB\BSPD-rev2.SchDoc with CL10B104KB8NNNL from BSPD.SchLib
Replace Part C3 CL10B104KB8NNNL in C:\Users\Alexis Rakush\OneDrive - Simon Fraser University (1sfu)\Desktop\Team Phantom\shutDownCircuit\Shutdown-Circuit\LV SDB\BSPD-rev2.SchDoc with CL10B104KB8NNNL from BSPD.SchLib
Replace Part C4 CL10B104KB8NNNL in C:\Users\Alexis Rakush\OneDrive - Simon Fraser University (1sfu)\Desktop\Team Phantom\shutDownCircuit\Shutdown-Circuit\LV SDB\BSPD-rev2.SchDoc with CL10B104KB8NNNL from BSPD.SchLib
Replace Part C5 CL10B104KB8NNNL in C:\Users\Alexis Rakush\OneDrive - Simon Fraser University (1sfu)\Desktop\Team Phantom\shutDownCircuit\Shutdown-Circuit\LV SDB\BSPD-rev2.SchDoc with CL10B104KB8NNNL from BSPD.SchLib
Replace Part C6 CL10B104KB8NNNL in C:\Users\Alexis Rakush\OneDrive - Simon Fraser University (1sfu)\Desktop\Team Phantom\shutDownCircuit\Shutdown-Circuit\LV SDB\BSPD-rev2.SchDoc with CL10B104KB8NNNL from BSPD.SchLib
Replace Part C7 CL10B104KB8NNNL in C:\Users\Alexis Rakush\OneDrive - Simon Fraser University (1sfu)\Desktop\Team Phantom\shutDownCircuit\Shutdown-Circuit\LV SDB\BSPD-rev2.SchDoc with CL10B104KB8NNNL from BSPD.SchLib
Replace Part C8 CL10B104KB8NNNL in C:\Users\Alexis Rakush\OneDrive - Simon Fraser University (1sfu)\Desktop\Team Phantom\shutDownCircuit\Shutdown-Circuit\LV SDB\BSPD-rev2.SchDoc with CL10B104KB8NNNL from BSPD.SchLib
Replace Part C9 CL10B104KB8NNNL in C:\Users\Alexis Rakush\OneDrive - Simon Fraser University (1sfu)\Desktop\Team Phantom\shutDownCircuit\Shutdown-Circuit\LV SDB\BSPD-rev2.SchDoc with CL10B104KB8NNNL from BSPD.SchLib
Replace Part C10 CL10B104KB8NNNL in C:\Users\Alexis Rakush\OneDrive - Simon Fraser University (1sfu)\Desktop\Team Phantom\shutDownCircuit\Shutdown-Circuit\LV SDB\BSPD-rev2.SchDoc with CL10B104KB8NNNL from BSPD.SchLib
Replace Part C11 CL10B104KB8NNNL in C:\Users\Alexis Rakush\OneDrive - Simon Fraser University (1sfu)\Desktop\Team Phantom\shutDownCircuit\Shutdown-Circuit\LV SDB\BSPD-rev2.SchDoc with CL10B104KB8NNNL from BSPD.SchLib
Replace Part C12 C1608X5R0J156M080AC in C:\Users\Alexis Rakush\OneDrive - Simon Fraser University (1sfu)\Desktop\Team Phantom\shutDownCircuit\Shutdown-Circuit\LV SDB\BSPD-rev2.SchDoc with C1608X5R0J156M080AC from BSPD.SchLib
Replace Part Q9 BSS138LT3G in C:\Users\Alexis Rakush\OneDrive - Simon Fraser University (1sfu)\Desktop\Team Phantom\shutDownCircuit\Shutdown-Circuit\LV SDB\BSPD-rev2.SchDoc with BSS138LT3G from BSPD.SchLib
Replace Part R13 RMCF0603JT3K00 in C:\Users\Alexis Rakush\OneDrive - Simon Fraser University (1sfu)\Desktop\Team Phantom\shutDownCircuit\Shutdown-Circuit\LV SDB\BSPD-rev2.SchDoc with RMCF0603JT3K00 from BSPD.SchLib
Replace Part R14 RMCF0603FT9K10 in C:\Users\Alexis Rakush\OneDrive - Simon Fraser University (1sfu)\Desktop\Team Phantom\shutDownCircuit\Shutdown-Circuit\LV SDB\BSPD-rev2.SchDoc with RMCF0603FT9K10 from BSPD.SchLib
Replace Part R15 RMCF0603JT3K00 in C:\Users\Alexis Rakush\OneDrive - Simon Fraser University (1sfu)\Desktop\Team Phantom\shutDownCircuit\Shutdown-Circuit\LV SDB\BSPD-rev2.SchDoc with RMCF0603JT3K00 from BSPD.SchLib
Replace Part R18 RMCF0603FT9K10 in C:\Users\Alexis Rakush\OneDrive - Simon Fraser University (1sfu)\Desktop\Team Phantom\shutDownCircuit\Shutdown-Circuit\LV SDB\BSPD-rev2.SchDoc with RMCF0603FT9K10 from BSPD.SchLib
Replace Part R19 RNCP0603FTD7K50 in C:\Users\Alexis Rakush\OneDrive - Simon Fraser University (1sfu)\Desktop\Team Phantom\shutDownCircuit\Shutdown-Circuit\LV SDB\BSPD-rev2.SchDoc with RNCP0603FTD7K50 from BSPD.SchLib
Replace Part R20 RMCF0603JT3K00 in C:\Users\Alexis Rakush\OneDrive - Simon Fraser University (1sfu)\Desktop\Team Phantom\shutDownCircuit\Shutdown-Circuit\LV SDB\BSPD-rev2.SchDoc with RMCF0603JT3K00 from BSPD.SchLib
Replace Part R21 MCT06030C1301FP500 in C:\Users\Alexis Rakush\OneDrive - Simon Fraser University (1sfu)\Desktop\Team Phantom\shutDownCircuit\Shutdown-Circuit\LV SDB\BSPD-rev2.SchDoc with MCT06030C1301FP500 from BSPD.SchLib
Replace Part R22 RC0603FR-072K2L in C:\Users\Alexis Rakush\OneDrive - Simon Fraser University (1sfu)\Desktop\Team Phantom\shutDownCircuit\Shutdown-Circuit\LV SDB\BSPD-rev2.SchDoc with RC0603FR-072K2L from BSPD.SchLib
Replace Part R23 RC0603FR-0733KL in C:\Users\Alexis Rakush\OneDrive - Simon Fraser University (1sfu)\Desktop\Team Phantom\shutDownCircuit\Shutdown-Circuit\LV SDB\BSPD-rev2.SchDoc with RC0603FR-0733KL from BSPD.SchLib
Replace Part R24 ERA-3AEB4990V in C:\Users\Alexis Rakush\OneDrive - Simon Fraser University (1sfu)\Desktop\Team Phantom\shutDownCircuit\Shutdown-Circuit\LV SDB\BSPD-rev2.SchDoc with ERA-3AEB4990V from BSPD.SchLib
Replace Part U8 TLV3202AIDGK in C:\Users\Alexis Rakush\OneDrive - Simon Fraser University (1sfu)\Desktop\Team Phantom\shutDownCircuit\Shutdown-Circuit\LV SDB\BSPD-rev2.SchDoc with TLV3202AIDGK from BSPD.SchLib
Replace Part U8 TLV3202AIDGK in C:\Users\Alexis Rakush\OneDrive - Simon Fraser University (1sfu)\Desktop\Team Phantom\shutDownCircuit\Shutdown-Circuit\LV SDB\BSPD-rev2.SchDoc with TLV3202AIDGK from BSPD.SchLib
Replace Part U9 NL27WZ32USGOSCT-ND in C:\Users\Alexis Rakush\OneDrive - Simon Fraser University (1sfu)\Desktop\Team Phantom\shutDownCircuit\Shutdown-Circuit\LV SDB\BSPD-rev2.SchDoc with NL27WZ32USGOSCT-ND from BSPD.SchLib
Replace Part U9 NL27WZ32USGOSCT-ND in C:\Users\Alexis Rakush\OneDrive - Simon Fraser University (1sfu)\Desktop\Team Phantom\shutDownCircuit\Shutdown-Circuit\LV SDB\BSPD-rev2.SchDoc with NL27WZ32USGOSCT-ND from BSPD.SchLib
Replace Part U10 SN74LVC2G08DCUT in C:\Users\Alexis Rakush\OneDrive - Simon Fraser University (1sfu)\Desktop\Team Phantom\shutDownCircuit\Shutdown-Circuit\LV SDB\BSPD-rev2.SchDoc with SN74LVC2G08DCUT from BSPD.SchLib
Replace Part U10 SN74LVC2G08DCUT in C:\Users\Alexis Rakush\OneDrive - Simon Fraser University (1sfu)\Desktop\Team Phantom\shutDownCircuit\Shutdown-Circuit\LV SDB\BSPD-rev2.SchDoc with SN74LVC2G08DCUT from BSPD.SchLib
Replace Part U11 SN74AHC1G04DCK in C:\Users\Alexis Rakush\OneDrive - Simon Fraser University (1sfu)\Desktop\Team Phantom\shutDownCircuit\Shutdown-Circuit\LV SDB\BSPD-rev2.SchDoc with SN74AHC1G04DCK from BSPD.SchLib
Replace Part U12 TLV3201AIDCKR in C:\Users\Alexis Rakush\OneDrive - Simon Fraser University (1sfu)\Desktop\Team Phantom\shutDownCircuit\Shutdown-Circuit\LV SDB\BSPD-rev2.SchDoc with TLV3201AIDCKR from BSPD.SchLib
Replace Part U13 SN74AHC1G04DCK in C:\Users\Alexis Rakush\OneDrive - Simon Fraser University (1sfu)\Desktop\Team Phantom\shutDownCircuit\Shutdown-Circuit\LV SDB\BSPD-rev2.SchDoc with SN74AHC1G04DCK from BSPD.SchLib
Replace Part U14 TLV3202AIDGK in C:\Users\Alexis Rakush\OneDrive - Simon Fraser University (1sfu)\Desktop\Team Phantom\shutDownCircuit\Shutdown-Circuit\LV SDB\BSPD-rev2.SchDoc with TLV3202AIDGK from BSPD.SchLib
Replace Part U14 TLV3202AIDGK in C:\Users\Alexis Rakush\OneDrive - Simon Fraser University (1sfu)\Desktop\Team Phantom\shutDownCircuit\Shutdown-Circuit\LV SDB\BSPD-rev2.SchDoc with TLV3202AIDGK from BSPD.SchLib
