Replace Part D1 Diode-100V-3A in C:\Users\Alexis Rakush\OneDrive - Simon Fraser University (1sfu)\Desktop\Team Phantom\shutDownCircuit\Shutdown-Circuit\LV SDB\lvSdbSchematic.SchDoc with Diode-100V-3A from lvSdbSchLib.SchLib
Replace Part D2 Diode-100V-3A in C:\Users\Alexis Rakush\OneDrive - Simon Fraser University (1sfu)\Desktop\Team Phantom\shutDownCircuit\Shutdown-Circuit\LV SDB\lvSdbSchematic.SchDoc with Diode-100V-3A from lvSdbSchLib.SchLib
Replace Part D4 LED-Red in C:\Users\Alexis Rakush\OneDrive - Simon Fraser University (1sfu)\Desktop\Team Phantom\shutDownCircuit\Shutdown-Circuit\LV SDB\lvSdbSchematic.SchDoc with LED-Red from lvSdbSchLib.SchLib
Replace Part D5 LED-Red in C:\Users\Alexis Rakush\OneDrive - Simon Fraser University (1sfu)\Desktop\Team Phantom\shutDownCircuit\Shutdown-Circuit\LV SDB\lvSdbSchematic.SchDoc with LED-Red from lvSdbSchLib.SchLib
Replace Part D7 LED-Green in C:\Users\Alexis Rakush\OneDrive - Simon Fraser University (1sfu)\Desktop\Team Phantom\shutDownCircuit\Shutdown-Circuit\LV SDB\lvSdbSchematic.SchDoc with LED-Green from lvSdbSchLib.SchLib
Replace Part D8 LED-Green in C:\Users\Alexis Rakush\OneDrive - Simon Fraser University (1sfu)\Desktop\Team Phantom\shutDownCircuit\Shutdown-Circuit\LV SDB\lvSdbSchematic.SchDoc with LED-Green from lvSdbSchLib.SchLib
Replace Part D9 LED-Green in C:\Users\Alexis Rakush\OneDrive - Simon Fraser University (1sfu)\Desktop\Team Phantom\shutDownCircuit\Shutdown-Circuit\LV SDB\lvSdbSchematic.SchDoc with LED-Green from lvSdbSchLib.SchLib
Replace Part K1 5-1419124-6 in C:\Users\Alexis Rakush\OneDrive - Simon Fraser University (1sfu)\Desktop\Team Phantom\shutDownCircuit\Shutdown-Circuit\LV SDB\lvSdbSchematic.SchDoc with 5-1419124-6 from lvSdbSchLib.SchLib
Replace Part K2 5-1419124-6 in C:\Users\Alexis Rakush\OneDrive - Simon Fraser University (1sfu)\Desktop\Team Phantom\shutDownCircuit\Shutdown-Circuit\LV SDB\lvSdbSchematic.SchDoc with 5-1419124-6 from lvSdbSchLib.SchLib
Replace Part M1 4 PIN HDR in C:\Users\Alexis Rakush\OneDrive - Simon Fraser University (1sfu)\Desktop\Team Phantom\shutDownCircuit\Shutdown-Circuit\LV SDB\lvSdbSchematic.SchDoc with 4 PIN HDR from lvSdbSchLib.SchLib
Replace Part M2 5 PIN HDR in C:\Users\Alexis Rakush\OneDrive - Simon Fraser University (1sfu)\Desktop\Team Phantom\shutDownCircuit\Shutdown-Circuit\LV SDB\lvSdbSchematic.SchDoc with 5 PIN HDR from lvSdbSchLib.SchLib
Replace Part Q1 N-FET-60V-1.6A in C:\Users\Alexis Rakush\OneDrive - Simon Fraser University (1sfu)\Desktop\Team Phantom\shutDownCircuit\Shutdown-Circuit\LV SDB\lvSdbSchematic.SchDoc with N-FET-60V-1.6A from lvSdbSchLib.SchLib
Replace Part Q2 N-FET-60V-1.6A in C:\Users\Alexis Rakush\OneDrive - Simon Fraser University (1sfu)\Desktop\Team Phantom\shutDownCircuit\Shutdown-Circuit\LV SDB\lvSdbSchematic.SchDoc with N-FET-60V-1.6A from lvSdbSchLib.SchLib
Replace Part Q4 N-FET-60V-1.6A in C:\Users\Alexis Rakush\OneDrive - Simon Fraser University (1sfu)\Desktop\Team Phantom\shutDownCircuit\Shutdown-Circuit\LV SDB\lvSdbSchematic.SchDoc with N-FET-60V-1.6A from lvSdbSchLib.SchLib
Replace Part Q5 N-FET-60V-1.6A in C:\Users\Alexis Rakush\OneDrive - Simon Fraser University (1sfu)\Desktop\Team Phantom\shutDownCircuit\Shutdown-Circuit\LV SDB\lvSdbSchematic.SchDoc with N-FET-60V-1.6A from lvSdbSchLib.SchLib
Replace Part Q7 N-FET-60V-1.6A in C:\Users\Alexis Rakush\OneDrive - Simon Fraser University (1sfu)\Desktop\Team Phantom\shutDownCircuit\Shutdown-Circuit\LV SDB\lvSdbSchematic.SchDoc with N-FET-60V-1.6A from lvSdbSchLib.SchLib
Replace Part Q8 N-FET-60V-1.6A in C:\Users\Alexis Rakush\OneDrive - Simon Fraser University (1sfu)\Desktop\Team Phantom\shutDownCircuit\Shutdown-Circuit\LV SDB\lvSdbSchematic.SchDoc with N-FET-60V-1.6A from lvSdbSchLib.SchLib
Replace Part R1 0603-240R in C:\Users\Alexis Rakush\OneDrive - Simon Fraser University (1sfu)\Desktop\Team Phantom\shutDownCircuit\Shutdown-Circuit\LV SDB\lvSdbSchematic.SchDoc with 0603-240R from lvSdbSchLib.SchLib
Replace Part R2 0603-240R in C:\Users\Alexis Rakush\OneDrive - Simon Fraser University (1sfu)\Desktop\Team Phantom\shutDownCircuit\Shutdown-Circuit\LV SDB\lvSdbSchematic.SchDoc with 0603-240R from lvSdbSchLib.SchLib
Replace Part R4 0603-10KR in C:\Users\Alexis Rakush\OneDrive - Simon Fraser University (1sfu)\Desktop\Team Phantom\shutDownCircuit\Shutdown-Circuit\LV SDB\lvSdbSchematic.SchDoc with 0603-10KR from lvSdbSchLib.SchLib
Replace Part R5 0603-10KR in C:\Users\Alexis Rakush\OneDrive - Simon Fraser University (1sfu)\Desktop\Team Phantom\shutDownCircuit\Shutdown-Circuit\LV SDB\lvSdbSchematic.SchDoc with 0603-10KR from lvSdbSchLib.SchLib
Replace Part R7 0603-180R in C:\Users\Alexis Rakush\OneDrive - Simon Fraser University (1sfu)\Desktop\Team Phantom\shutDownCircuit\Shutdown-Circuit\LV SDB\lvSdbSchematic.SchDoc with 0603-180R from lvSdbSchLib.SchLib
Replace Part R8 0603-665R in C:\Users\Alexis Rakush\OneDrive - Simon Fraser University (1sfu)\Desktop\Team Phantom\shutDownCircuit\Shutdown-Circuit\LV SDB\lvSdbSchematic.SchDoc with 0603-665R from lvSdbSchLib.SchLib
Replace Part R9 0603-1KR in C:\Users\Alexis Rakush\OneDrive - Simon Fraser University (1sfu)\Desktop\Team Phantom\shutDownCircuit\Shutdown-Circuit\LV SDB\lvSdbSchematic.SchDoc with 0603-1KR from lvSdbSchLib.SchLib
Replace Part R10 0603-180R in C:\Users\Alexis Rakush\OneDrive - Simon Fraser University (1sfu)\Desktop\Team Phantom\shutDownCircuit\Shutdown-Circuit\LV SDB\lvSdbSchematic.SchDoc with 0603-180R from lvSdbSchLib.SchLib
Replace Part R25 0603-2KR in C:\Users\Alexis Rakush\OneDrive - Simon Fraser University (1sfu)\Desktop\Team Phantom\shutDownCircuit\Shutdown-Circuit\LV SDB\lvSdbSchematic.SchDoc with 0603-2KR from lvSdbSchLib.SchLib
