Removed Pin From Net: NetName=12V Pin=D3-1
Removed Pin From Net: NetName=NetD4_2 Pin=JP1-1
Removed Pin From Net: NetName=NetD4_1 Pin=JP1-2
Removed Pin From Net: NetName=NetD5_2 Pin=JP2-1
Removed Pin From Net: NetName=NetD5_1 Pin=JP2-2
Removed Pin From Net: NetName=SDB_OUT Pin=K3-4
Removed Pin From Net: NetName=12V Pin=K3-6
Removed Pin From Net: NetName=NetC1_2 Pin=M3-1
Removed Pin From Net: NetName=NetC3_2 Pin=M3-2
Removed Pin From Net: NetName=BSPD_FLT Pin=M3-3
Removed Pin From Net: NetName=GND Pin=M3-4
Removed Pin From Net: NetName=GND Pin=Q3-3
Removed Pin From Net: NetName=SET/RESET Pin=Q6-1
Removed Pin From Net: NetName=GND Pin=Q10-3
Removed Pin From Net: NetName=5V Pin=R3-2
Removed Pin From Net: NetName=GND Pin=R6-1
Removed Pin From Net: NetName=BSPD_FLT Pin=U13-4
Removed Member From Class: ClassName=lvSdbSchematic Member=D3
Removed Member From Class: ClassName=lvSdbSchematic Member=D6
Removed Member From Class: ClassName=lvSdbSchematic Member=JP1
Removed Member From Class: ClassName=lvSdbSchematic Member=JP2
Removed Member From Class: ClassName=lvSdbSchematic Member=JP3
Removed Member From Class: ClassName=lvSdbSchematic Member=K3
Removed Member From Class: ClassName=lvSdbSchematic Member=M3
Removed Member From Class: ClassName=lvSdbSchematic Member=Q3
Removed Member From Class: ClassName=lvSdbSchematic Member=Q6
Removed Member From Class: ClassName=lvSdbSchematic Member=Q10
Removed Member From Class: ClassName=lvSdbSchematic Member=R3
Removed Member From Class: ClassName=lvSdbSchematic Member=R6
Change component parameters: Designator = "M2"; UniqueID = "\UDOIASRG"
Change component parameters. Clean all parameters for all variants
Change component parameters (AddParameter): Name = "Supplier 1"; Value = "Digi-Key"; VariantName = "[No Variations]"
Change component parameters (AddParameter): Name = "Supplier Part Number 1"; Value = "WM10672-ND"; VariantName = "[No Variations]"
Added Pin To Net: NetName=SDB_OUT Pin=K2-4
Added Pin To Net: NetName=GND Pin=M1-4
Added Pin To Net: NetName=NetC1_2 Pin=M2-1
Added Pin To Net: NetName=NetC3_2 Pin=M2-2
Added Pin To Net: NetName=NetM2_5 Pin=R9-1
Added Pin To Net: NetName=NetM2_5 Pin=R25-2
Added Net: Name=NetM2_5
Added Pin To Net: NetName=NetU13_4 Pin=U13-4
Added Net: Name=NetU13_4
Change Class Name : Old Net Name=BSPD-rev2 New Net Name=Designator
