Removed Pin From Net: NetName=NetD3_1 Pin=JP1-1
Removed Pin From Net: NetName=NetD3_2 Pin=JP1-2
Removed Pin From Net: NetName=NetD5_1 Pin=JP2-1
Removed Pin From Net: NetName=NetD5_2 Pin=JP2-2
Removed Pin From Net: NetName=NetD7_1 Pin=JP3-1
Removed Pin From Net: NetName=NetD7_2 Pin=JP3-2
Removed Pin From Net: NetName=NetD9_1 Pin=JP4-1
Removed Pin From Net: NetName=NetD9_2 Pin=JP4-2
Removed Pin From Net: NetName=NetK1_3 Pin=Q2-1
Removed Pin From Net: NetName=5V Pin=Q2-2
Removed Pin From Net: NetName=NetD3_1 Pin=Q2-3
Removed Pin From Net: NetName=NetK2_3 Pin=Q4-1
Removed Pin From Net: NetName=5V Pin=Q4-2
Removed Pin From Net: NetName=NetD5_1 Pin=Q4-3
Removed Pin From Net: NetName=NetK3_3 Pin=Q6-1
Removed Pin From Net: NetName=5V Pin=Q6-2
Removed Pin From Net: NetName=NetD7_1 Pin=Q6-3
Removed Pin From Net: NetName=NetK4_3 Pin=Q8-1
Removed Pin From Net: NetName=5V Pin=Q8-2
Removed Pin From Net: NetName=NetD9_1 Pin=Q8-3
Removed Pin From Net: NetName=NetM4_4 Pin=R1-1
Removed Pin From Net: NetName=NetD1_1 Pin=R1-2
Removed Pin From Net: NetName=GND Pin=R3-1
Removed Pin From Net: NetName=NetD3_2 Pin=R3-2
Removed Pin From Net: NetName=GND Pin=R5-1
Removed Pin From Net: NetName=NetD5_2 Pin=R5-2
Removed Pin From Net: NetName=GND Pin=R8-1
Removed Pin From Net: NetName=NetD7_2 Pin=R8-2
Removed Pin From Net: NetName=GND Pin=R10-1
Removed Pin From Net: NetName=NetD9_2 Pin=R10-2
Removed Pin From Net: NetName=NetK2_4 Pin=U1-1
Removed Pin From Net: NetName=12V Pin=U1-2
Removed Pin From Net: NetName=GND Pin=U1-3
Removed Pin From Net: NetName=NetM2_3 Pin=U2-1
Removed Pin From Net: NetName=GND Pin=U2-2
Removed Pin From Net: NetName=NetM3_2 Pin=U3-1
Removed Pin From Net: NetName=NetM3_1 Pin=U3-2
Removed Pin From Net: NetName=GND Pin=U3-3
Removed Pin From Net: NetName=NetK4_4 Pin=U4-1
Removed Pin From Net: NetName=NetM3_3 Pin=U4-2
Removed Pin From Net: NetName=GND Pin=U4-3
Removed Pin From Net: NetName=12V Pin=U5-1
Removed Pin From Net: NetName=GND Pin=U5-2
Removed Pin From Net: NetName=NetM4_4 Pin=U6-1
Removed Pin From Net: NetName=5V Pin=U6-2
Removed Pin From Net: NetName=GND Pin=U6-3
Removed Pin From Net: NetName=NetM5_1 Pin=U7-1
Removed Pin From Net: NetName=GND Pin=U7-2
Removed Pin From Net: NetName=NetU8_1 Pin=U9-5
Removed Pin From Net: NetName=NetU8_7 Pin=U9-6
Removed Pin From Net: NetName=GND Pin=U11-3
Removed Pin From Net: NetName=NetC1_2 Pin=U14-6
Change Component Comment : Designator=R1 Old Comment=250 New Comment=240
Change Component Comment : Designator=Q2 Old Comment=BSS84 New Comment=DMN6140L-13DICT-ND
Change Component Comment : Designator=Q4 Old Comment=BSS84 New Comment=DMN6140L-13DICT-ND
Change Component Comment : Designator=Q6 Old Comment=BSS84 New Comment=DMN6140L-13DICT-ND
Change Component Comment : Designator=Q8 Old Comment=BSS84 New Comment=DMN6140L-13DICT-ND
Added Pin To Net: NetName=NetD3_2 Pin=JP1-1
Added Pin To Net: NetName=NetD3_1 Pin=JP1-2
Added Pin To Net: NetName=NetD5_2 Pin=JP2-1
Added Pin To Net: NetName=NetD5_1 Pin=JP2-2
Added Pin To Net: NetName=NetD7_2 Pin=JP3-1
Added Pin To Net: NetName=NetD7_1 Pin=JP3-2
Added Pin To Net: NetName=NetD9_2 Pin=JP4-1
Added Pin To Net: NetName=NetD9_1 Pin=JP4-2
Added Pin To Net: NetName=NetD2_2 Pin=Q2-1
Added Pin To Net: NetName=GND Pin=Q2-2
Added Pin To Net: NetName=NetD3_2 Pin=Q2-3
Added Pin To Net: NetName=GND Pin=Q4-2
Added Pin To Net: NetName=NetD5_2 Pin=Q4-3
Added Pin To Net: NetName=GND Pin=Q6-2
Added Pin To Net: NetName=NetD7_2 Pin=Q6-3
Added Pin To Net: NetName=GND Pin=Q8-2
Added Pin To Net: NetName=NetD9_2 Pin=Q8-3
Added Pin To Net: NetName=NetD1_1 Pin=R1-1
Added Pin To Net: NetName=NetM4_4 Pin=R1-2
Added Pin To Net: NetName=NetD3_1 Pin=R3-1
Added Pin To Net: NetName=5V Pin=R3-2
Added Pin To Net: NetName=NetD5_1 Pin=R5-1
Added Pin To Net: NetName=5V Pin=R5-2
Added Pin To Net: NetName=NetD7_1 Pin=R8-1
Added Pin To Net: NetName=5V Pin=R8-2
Added Pin To Net: NetName=NetD9_1 Pin=R10-1
Added Pin To Net: NetName=5V Pin=R10-2
Added Pin To Net: NetName=NetU8_7 Pin=U9-5
Added Pin To Net: NetName=NetU8_1 Pin=U9-6
Added Member To Class: ClassName=SDC-rev2 Member=Component JP1 732-5315-ND
Added Member To Class: ClassName=SDC-rev2 Member=Component JP2 732-5315-ND
Added Member To Class: ClassName=SDC-rev2 Member=Component JP3 732-5315-ND
Added Member To Class: ClassName=SDC-rev2 Member=Component JP4 732-5315-ND
